<?xml version="1.0" encoding="UTF-8"?>
<!-- Generated by org.testng.reporters.JUnitXMLReporter -->
<testsuite hostname="DESKTOP-PRT0ACF" ignored="0" name="Test" tests="6" failures="0" timestamp="29 Jul 2017 10:34:35 GMT" time="0.146" errors="0">
  <testcase name="createtest" time="0.03" classname="pack1.CreatecustomerTest"/>
  <testcase name="modifytest" time="0.004" classname="pack1.CreatecustomerTest"/>
  <testcase name="createtest" time="0.004" classname="pack2.CreateprojectTest"/>
  <testcase name="modifytest" time="0.004" classname="pack2.CreateprojectTest"/>
  <testcase name="createtest" time="0.003" classname="pack3.CreateprojectreportTest"/>
  <testcase name="modifytest" time="0.003" classname="pack3.CreateprojectreportTest"/>
</testsuite> <!-- Test -->
