<?xml version="1.0" encoding="UTF-8"?>
<testng-results skipped="0" failed="0" ignored="0" total="6" passed="6">
  <reporter-output>
    <line>
      <![CDATA[create cust test]]>
    </line>
    <line>
      <![CDATA[modify customer test]]>
    </line>
    <line>
      <![CDATA[create project test]]>
    </line>
    <line>
      <![CDATA[modify project test]]>
    </line>
    <line>
      <![CDATA[create project report]]>
    </line>
    <line>
      <![CDATA[modify project report]]>
    </line>
  </reporter-output>
  <suite name="Suite" duration-ms="146" started-at="2017-07-29T10:34:34Z" finished-at="2017-07-29T10:34:35Z">
    <groups>
    </groups>
    <test name="Test" duration-ms="146" started-at="2017-07-29T10:34:34Z" finished-at="2017-07-29T10:34:35Z">
      <class name="pack1.CreatecustomerTest">
        <test-method status="PASS" signature="createtest()[pri:0, instance:pack1.CreatecustomerTest@5afa04c]" name="createtest" duration-ms="30" started-at="2017-07-29T16:04:34Z" finished-at="2017-07-29T16:04:34Z">
          <reporter-output>
            <line>
              <![CDATA[create cust test]]>
            </line>
          </reporter-output>
        </test-method> <!-- createtest -->
        <test-method status="PASS" signature="modifytest()[pri:0, instance:pack1.CreatecustomerTest@5afa04c]" name="modifytest" duration-ms="4" started-at="2017-07-29T16:04:34Z" finished-at="2017-07-29T16:04:34Z">
          <reporter-output>
            <line>
              <![CDATA[modify customer test]]>
            </line>
          </reporter-output>
        </test-method> <!-- modifytest -->
      </class> <!-- pack1.CreatecustomerTest -->
      <class name="pack2.CreateprojectTest">
        <test-method status="PASS" signature="createtest()[pri:0, instance:pack2.CreateprojectTest@7921b0a2]" name="createtest" duration-ms="4" started-at="2017-07-29T16:04:34Z" finished-at="2017-07-29T16:04:34Z">
          <reporter-output>
            <line>
              <![CDATA[create project test]]>
            </line>
          </reporter-output>
        </test-method> <!-- createtest -->
        <test-method status="PASS" signature="modifytest()[pri:0, instance:pack2.CreateprojectTest@7921b0a2]" name="modifytest" duration-ms="4" started-at="2017-07-29T16:04:34Z" finished-at="2017-07-29T16:04:34Z">
          <reporter-output>
            <line>
              <![CDATA[modify project test]]>
            </line>
          </reporter-output>
        </test-method> <!-- modifytest -->
      </class> <!-- pack2.CreateprojectTest -->
      <class name="pack3.CreateprojectreportTest">
        <test-method status="PASS" signature="createtest()[pri:0, instance:pack3.CreateprojectreportTest@174d20a]" name="createtest" duration-ms="3" started-at="2017-07-29T16:04:35Z" finished-at="2017-07-29T16:04:35Z">
          <reporter-output>
            <line>
              <![CDATA[create project report]]>
            </line>
          </reporter-output>
        </test-method> <!-- createtest -->
        <test-method status="PASS" signature="modifytest()[pri:0, instance:pack3.CreateprojectreportTest@174d20a]" name="modifytest" duration-ms="3" started-at="2017-07-29T16:04:35Z" finished-at="2017-07-29T16:04:35Z">
          <reporter-output>
            <line>
              <![CDATA[modify project report]]>
            </line>
          </reporter-output>
        </test-method> <!-- modifytest -->
      </class> <!-- pack3.CreateprojectreportTest -->
    </test> <!-- Test -->
  </suite> <!-- Suite -->
</testng-results>
